{
  "RSpec": {
    "coverage": {
      "/Users/rodrigobloomfieldjoannon/Desktop/Testing/Testing-Proyecto-2/app/helpers/application_helper.rb": {
        "lines": [
          1,
          null
        ]
      },
      "/Users/rodrigobloomfieldjoannon/Desktop/Testing/Testing-Proyecto-2/app/helpers/bookings_helper.rb": {
        "lines": [
          1,
          null
        ]
      },
      "/Users/rodrigobloomfieldjoannon/Desktop/Testing/Testing-Proyecto-2/app/helpers/flights_helper.rb": {
        "lines": [
          1,
          null
        ]
      },
      "/Users/rodrigobloomfieldjoannon/Desktop/Testing/Testing-Proyecto-2/app/helpers/seats_helper.rb": {
        "lines": [
          1,
          null
        ]
      },
      "/Users/rodrigobloomfieldjoannon/Desktop/Testing/Testing-Proyecto-2/app/models/flight.rb": {
        "lines": [
          1,
          1,
          1,
          1,
          1,
          1,
          1,
          null
        ]
      },
      "/Users/rodrigobloomfieldjoannon/Desktop/Testing/Testing-Proyecto-2/app/models/application_record.rb": {
        "lines": [
          1,
          1,
          null
        ]
      },
      "/Users/rodrigobloomfieldjoannon/Desktop/Testing/Testing-Proyecto-2/app/controllers/bookings_controller.rb": {
        "lines": [
          1,
          1,
          1,
          null,
          null,
          1,
          1,
          null,
          null,
          1,
          3,
          3,
          2,
          4,
          4,
          0,
          null,
          null,
          2,
          2,
          2,
          1,
          null,
          1,
          null,
          null,
          null,
          null,
          null,
          null,
          null,
          null,
          null,
          null,
          null,
          null
        ]
      },
      "/Users/rodrigobloomfieldjoannon/Desktop/Testing/Testing-Proyecto-2/app/controllers/application_controller.rb": {
        "lines": [
          1,
          null
        ]
      },
      "/Users/rodrigobloomfieldjoannon/Desktop/Testing/Testing-Proyecto-2/app/models/booking.rb": {
        "lines": [
          1,
          1,
          1,
          null
        ]
      },
      "/Users/rodrigobloomfieldjoannon/Desktop/Testing/Testing-Proyecto-2/app/models/seat.rb": {
        "lines": [
          1,
          1,
          null
        ]
      },
      "/Users/rodrigobloomfieldjoannon/Desktop/Testing/Testing-Proyecto-2/app/controllers/flights_controller.rb": {
        "lines": [
          1,
          1,
          1,
          null,
          null,
          1,
          1,
          null,
          null,
          1,
          1,
          null,
          null,
          1,
          2,
          null,
          2,
          10,
          230,
          230,
          null,
          null,
          null,
          2,
          1,
          null,
          1,
          null,
          null,
          null,
          1,
          1,
          1,
          null,
          1,
          null,
          1,
          1,
          2,
          null,
          null,
          null
        ]
      },
      "/Users/rodrigobloomfieldjoannon/Desktop/Testing/Testing-Proyecto-2/app/controllers/seats_controller.rb": {
        "lines": [
          0,
          0,
          0,
          0,
          null,
          0,
          0,
          null,
          0,
          0,
          0,
          0,
          0,
          0,
          0,
          0,
          0,
          0,
          null,
          0
        ],
        "branches": {
        }
      }
    },
    "timestamp": 1655094767
  }
}
